<?xml version="1.0" encoding="UTF-8"?>
<testng-results skipped="0" failed="0" ignored="0" total="1" passed="1">
  <reporter-output>
  </reporter-output>
  <suite name="Default suite" duration-ms="8713" started-at="2019-01-02T02:11:59Z" finished-at="2019-01-02T02:12:08Z">
    <groups>
    </groups>
    <test name="Default test" duration-ms="8713" started-at="2019-01-02T02:11:59Z" finished-at="2019-01-02T02:12:08Z">
      <class name="testcases.TC_002">
        <test-method status="PASS" signature="testcase()[pri:0, instance:testcases.TC_002@5b275dab]" name="testcase" duration-ms="8677" started-at="2019-01-01T21:11:59Z" finished-at="2019-01-01T21:12:08Z">
          <reporter-output>
          </reporter-output>
        </test-method> <!-- testcase -->
      </class> <!-- testcases.TC_002 -->
    </test> <!-- Default test -->
  </suite> <!-- Default suite -->
</testng-results>
